#-----------------------------------------------------------
# Vivado v2018.3 (64-bit)
# SW Build 2405991 on Thu Dec  6 23:38:27 MST 2018
# IP Build 2404404 on Fri Dec  7 01:43:56 MST 2018
# Start of session at: Mon Nov 11 15:15:10 2019
# Process ID: 6240
# Current directory: Z:/FPGA_Group_6/HW4_v1
# Command line: vivado.exe -gui_launcher_event rodinguilauncherevent7156 Z:\FPGA_Group_6\HW4_v1\HW4_v1.xpr
# Log file: Z:/FPGA_Group_6/HW4_v1/vivado.log
# Journal file: Z:/FPGA_Group_6/HW4_v1\vivado.jou
#-----------------------------------------------------------
start_gui
open_project Z:/FPGA_Group_6/HW4_v1/HW4_v1.xpr
Scanning sources...
Finished scanning sources
INFO: [IP_Flow 19-234] Refreshing IP repositories
INFO: [IP_Flow 19-1700] Loaded user IP repository 'z:/FPGA_Group_6/IP'.
INFO: [IP_Flow 19-1700] Loaded user IP repository 'c:/Users/godcurry/Desktop/ip_repo'.
INFO: [IP_Flow 19-2313] Loaded Vivado IP repository 'C:/Xilinx/Vivado/2018.3/data/ip'.
open_project: Time (s): cpu = 00:00:22 ; elapsed = 00:00:20 . Memory (MB): peak = 724.973 ; gain = 149.723
update_compile_order -fileset sources_1
open_bd_design {Z:/FPGA_Group_6/HW4_v1/HW4_v1.srcs/sources_1/bd/design_1/design_1.bd}
Adding cell -- xilinx.com:ip:processing_system7:5.5 - processing_system7_0
Adding cell -- xilinx.com:user:calculation_v1:1.0 - calculation_v1_0
Adding cell -- xilinx.com:user:djb2:1.0 - djb2_0
Adding cell -- xilinx.com:user:parity:1.0 - parity_0
Adding cell -- xilinx.com:user:sorting:1.0 - sorting_0
Adding cell -- xilinx.com:user:pwm_test_ip:1.0 - pwm_test_ip_0
Adding cell -- xilinx.com:ip:axi_interconnect:2.1 - ps7_0_axi_periph
Adding cell -- xilinx.com:ip:axi_crossbar:2.1 - xbar
Adding cell -- xilinx.com:ip:axi_protocol_converter:2.1 - auto_pc
Adding cell -- xilinx.com:ip:proc_sys_reset:5.0 - rst_ps7_0_100M
Successfully read diagram <design_1> from BD file <Z:/FPGA_Group_6/HW4_v1/HW4_v1.srcs/sources_1/bd/design_1/design_1.bd>
open_bd_design: Time (s): cpu = 00:00:12 ; elapsed = 00:00:13 . Memory (MB): peak = 1179.781 ; gain = 0.000
exit
INFO: [Common 17-206] Exiting Vivado at Mon Nov 11 16:47:39 2019...
